# JRE version: OpenJDK Runtime Environment (17.0.7) (build 17.0.7+0-b2043.56-10550314)
# Java VM: OpenJDK 64-Bit Server VM (17.0.7+0-b2043.56-10550314, mixed mode, tiered, compressed oops, compressed class ptrs, g1 gc, windows-amd64)
GC Precious Log:
 CPUs: 8 total, 8 available
 Memory: 7834M
 Large Page Support: Disabled
 NUMA Support: Disabled
 Compressed Oops: Enabled (32-bit)
 Heap Region Size: 1M
 Heap Min Capacity: 8M
 Heap Initial Capacity: 124M
 Heap Max Capacity: 2G
 Pre-touch: Disabled
 Parallel Workers: 8
 Concurrent Workers: 2
 Concurrent Refinement Workers: 8
 Periodic GC: Disabled
Heap:
 garbage-first heap   total 198656K, used 120447K [0x0000000080000000, 0x0000000100000000)
  region size 1024K, 10 young (10240K), 5 survivors (5120K)
 Metaspace       used 89581K, committed 90304K, reserved 1179648K
  class space    used 12394K, committed 12736K, reserved 1048576K
GC Heap History (20 events):
Event: 6.537 GC heap before
{Heap before GC invocations=42 (full 0):
 garbage-first heap   total 168960K, used 120116K [0x0000000080000000, 0x0000000100000000)
  region size 1024K, 29 young (29696K), 2 survivors (2048K)
 Metaspace       used 67458K, committed 68160K, reserved 1114112K
  class space    used 9100K, committed 9472K, reserved 1048576K
}
Event: 6.541 GC heap after
{Heap after GC invocations=43 (full 0):
 garbage-first heap   total 168960K, used 95944K [0x0000000080000000, 0x0000000100000000)
  region size 1024K, 4 young (4096K), 4 survivors (4096K)
 Metaspace       used 67458K, committed 68160K, reserved 1114112K
  class space    used 9100K, committed 9472K, reserved 1048576K
}
Event: 6.786 GC heap before
{Heap before GC invocations=44 (full 0):
 garbage-first heap   total 193536K, used 132808K [0x0000000080000000, 0x0000000100000000)
  region size 1024K, 34 young (34816K), 4 survivors (4096K)
 Metaspace       used 68980K, committed 69696K, reserved 1114112K
  class space    used 9308K, committed 9664K, reserved 1048576K
}
Event: 6.790 GC heap after
{Heap after GC invocations=45 (full 0):
 garbage-first heap   total 193536K, used 98776K [0x0000000080000000, 0x0000000100000000)
  region size 1024K, 5 young (5120K), 5 survivors (5120K)
 Metaspace       used 68980K, committed 69696K, reserved 1114112K
  class space    used 9308K, committed 9664K, reserved 1048576K
}
Event: 7.273 GC heap before
{Heap before GC invocations=45 (full 0):
 garbage-first heap   total 193536K, used 140760K [0x0000000080000000, 0x0000000100000000)
  region size 1024K, 46 young (47104K), 5 survivors (5120K)
 Metaspace       used 72185K, committed 72896K, reserved 1114112K
  class space    used 9760K, committed 10112K, reserved 1048576K
}
Event: 7.278 GC heap after
{Heap after GC invocations=46 (full 0):
 garbage-first heap   total 193536K, used 101428K [0x0000000080000000, 0x0000000100000000)
  region size 1024K, 3 young (3072K), 3 survivors (3072K)
 Metaspace       used 72185K, committed 72896K, reserved 1114112K
  class space    used 9760K, committed 10112K, reserved 1048576K
}
Event: 7.349 GC heap before
{Heap before GC invocations=47 (full 0):
 garbage-first heap   total 193536K, used 106548K [0x0000000080000000, 0x0000000100000000)
  region size 1024K, 9 young (9216K), 3 survivors (3072K)
 Metaspace       used 72684K, committed 73408K, reserved 1114112K
  class space    used 9837K, committed 10176K, reserved 1048576K
}
Event: 7.351 GC heap after
{Heap after GC invocations=48 (full 0):
 garbage-first heap   total 193536K, used 101675K [0x0000000080000000, 0x0000000100000000)
  region size 1024K, 3 young (3072K), 3 survivors (3072K)
 Metaspace       used 72684K, committed 73408K, reserved 1114112K
  class space    used 9837K, committed 10176K, reserved 1048576K
}
Event: 7.745 GC heap before
{Heap before GC invocations=49 (full 0):
 garbage-first heap   total 193536K, used 150827K [0x0000000080000000, 0x0000000100000000)
  region size 1024K, 47 young (48128K), 3 survivors (3072K)
 Metaspace       used 77389K, committed 78080K, reserved 1179648K
  class space    used 10492K, committed 10816K, reserved 1048576K
}
Event: 7.748 GC heap after
{Heap after GC invocations=50 (full 0):
 garbage-first heap   total 193536K, used 108322K [0x0000000080000000, 0x0000000100000000)
  region size 1024K, 5 young (5120K), 5 survivors (5120K)
 Metaspace       used 77389K, committed 78080K, reserved 1179648K
  class space    used 10492K, committed 10816K, reserved 1048576K
}
Event: 7.775 GC heap before
{Heap before GC invocations=50 (full 0):
 garbage-first heap   total 193536K, used 111394K [0x0000000080000000, 0x0000000100000000)
  region size 1024K, 9 young (9216K), 5 survivors (5120K)
 Metaspace       used 77606K, committed 78336K, reserved 1179648K
  class space    used 10518K, committed 10880K, reserved 1048576K
}
Event: 7.778 GC heap after
{Heap after GC invocations=51 (full 0):
 garbage-first heap   total 193536K, used 108917K [0x0000000080000000, 0x0000000100000000)
  region size 1024K, 1 young (1024K), 1 survivors (1024K)
 Metaspace       used 77606K, committed 78336K, reserved 1179648K
  class space    used 10518K, committed 10880K, reserved 1048576K
}
Event: 8.199 GC heap before
{Heap before GC invocations=51 (full 0):
 garbage-first heap   total 193536K, used 151925K [0x0000000080000000, 0x0000000100000000)
  region size 1024K, 43 young (44032K), 1 survivors (1024K)
 Metaspace       used 80111K, committed 80832K, reserved 1179648K
  class space    used 10843K, committed 11200K, reserved 1048576K
}
Event: 8.201 GC heap after
{Heap after GC invocations=52 (full 0):
 garbage-first heap   total 193536K, used 111310K [0x0000000080000000, 0x0000000100000000)
  region size 1024K, 4 young (4096K), 4 survivors (4096K)
 Metaspace       used 80111K, committed 80832K, reserved 1179648K
  class space    used 10843K, committed 11200K, reserved 1048576K
}
Event: 8.603 GC heap before
{Heap before GC invocations=53 (full 0):
 garbage-first heap   total 196608K, used 142030K [0x0000000080000000, 0x0000000100000000)
  region size 1024K, 35 young (35840K), 4 survivors (4096K)
 Metaspace       used 82092K, committed 82816K, reserved 1179648K
  class space    used 11121K, committed 11456K, reserved 1048576K
}
Event: 8.606 GC heap after
{Heap after GC invocations=54 (full 0):
 garbage-first heap   total 196608K, used 112869K [0x0000000080000000, 0x0000000100000000)
  region size 1024K, 5 young (5120K), 5 survivors (5120K)
 Metaspace       used 82092K, committed 82816K, reserved 1179648K
  class space    used 11121K, committed 11456K, reserved 1048576K
}
Event: 9.088 GC heap before
{Heap before GC invocations=55 (full 0):
 garbage-first heap   total 198656K, used 158949K [0x0000000080000000, 0x0000000100000000)
  region size 1024K, 49 young (50176K), 5 survivors (5120K)
 Metaspace       used 85628K, committed 86336K, reserved 1179648K
  class space    used 11807K, committed 12160K, reserved 1048576K
}
Event: 9.091 GC heap after
{Heap after GC invocations=56 (full 0):
 garbage-first heap   total 198656K, used 114309K [0x0000000080000000, 0x0000000100000000)
  region size 1024K, 3 young (3072K), 3 survivors (3072K)
 Metaspace       used 85628K, committed 86336K, reserved 1179648K
  class space    used 11807K, committed 12160K, reserved 1048576K
}
Event: 9.545 GC heap before
{Heap before GC invocations=56 (full 0):
 garbage-first heap   total 198656K, used 162437K [0x0000000080000000, 0x0000000100000000)
  region size 1024K, 50 young (51200K), 3 survivors (3072K)
 Metaspace       used 89045K, committed 89792K, reserved 1179648K
  class space    used 12308K, committed 12672K, reserved 1048576K
}
Event: 9.549 GC heap after
{Heap after GC invocations=57 (full 0):
 garbage-first heap   total 198656K, used 116351K [0x0000000080000000, 0x0000000100000000)
  region size 1024K, 5 young (5120K), 5 survivors (5120K)
 Metaspace       used 89045K, committed 89792K, reserved 1179648K
  class space    used 12308K, committed 12672K, reserved 1048576K
}

